  Compiling CUDA source file kernel.cu...
  
  D:\diplomski 09.2018\cuda\AES\AES>"C:\Program Files\NVIDIA GPU Computing Toolkit\CUDA\v9.0\bin\nvcc.exe" -gencode=arch=compute_30,code=\"sm_30,compute_30\" --use-local-env --cl-version 2017 -ccbin "C:\Program Files (x86)\Microsoft Visual Studio\2017\Enterprise\VC\Tools\MSVC\14.11.25503\bin\HostX86\x64" -x cu  -I"C:\Program Files\NVIDIA GPU Computing Toolkit\CUDA\v9.0\include" -I"C:\Program Files\NVIDIA GPU Computing Toolkit\CUDA\v9.0\include"  -G   --keep-dir x64\Debug -maxrregcount=0  --machine 64 --compile -cudart static  -g   -DWIN32 -DWIN64 -D_DEBUG -D_CONSOLE -D_MBCS -Xcompiler "/EHsc /W3 /nologo /Od /FS /Zi /RTC1 /MDd " -o x64\Debug\kernel.cu.obj "D:\diplomski 09.2018\cuda\AES\AES\kernel.cu" 
D:/diplomski 09.2018/cuda/AES/AES/kernel.cu(241): warning : variable "t" was set but never used
D:/diplomski 09.2018/cuda/AES/AES/kernel.cu(241): warning : variable "f" was declared but never referenced
D:/diplomski 09.2018/cuda/AES/AES/kernel.cu(241): warning : variable "g" was declared but never referenced
D:/diplomski 09.2018/cuda/AES/AES/kernel.cu(241): warning : variable "h" was declared but never referenced
D:/diplomski 09.2018/cuda/AES/AES/kernel.cu(700): warning : conversion from a string literal to "char *" is deprecated
D:/diplomski 09.2018/cuda/AES/AES/kernel.cu(701): warning : conversion from a string literal to "char *" is deprecated
D:/diplomski 09.2018/cuda/AES/AES/kernel.cu(549): warning : transfer of control bypasses initialization of:
D:/diplomski 09.2018/cuda/AES/AES/kernel.cu(560): warning : transfer of control bypasses initialization of:
D:/diplomski 09.2018/cuda/AES/AES/kernel.cu(572): warning : transfer of control bypasses initialization of:
D:/diplomski 09.2018/cuda/AES/AES/kernel.cu(584): warning : transfer of control bypasses initialization of:
D:/diplomski 09.2018/cuda/AES/AES/kernel.cu(595): warning : transfer of control bypasses initialization of:
D:/diplomski 09.2018/cuda/AES/AES/kernel.cu(601): warning : transfer of control bypasses initialization of:
D:/diplomski 09.2018/cuda/AES/AES/kernel.cu(607): warning : transfer of control bypasses initialization of:
D:/diplomski 09.2018/cuda/AES/AES/kernel.cu(613): warning : transfer of control bypasses initialization of:
D:/diplomski 09.2018/cuda/AES/AES/kernel.cu(662): warning : transfer of control bypasses initialization of:
D:/diplomski 09.2018/cuda/AES/AES/kernel.cu(668): warning : transfer of control bypasses initialization of:
D:/diplomski 09.2018/cuda/AES/AES/kernel.cu(241): warning : variable "t" was set but never used
D:/diplomski 09.2018/cuda/AES/AES/kernel.cu(241): warning : variable "f" was declared but never referenced
D:/diplomski 09.2018/cuda/AES/AES/kernel.cu(241): warning : variable "g" was declared but never referenced
D:/diplomski 09.2018/cuda/AES/AES/kernel.cu(241): warning : variable "h" was declared but never referenced
D:/diplomski 09.2018/cuda/AES/AES/kernel.cu(700): warning : conversion from a string literal to "char *" is deprecated
D:/diplomski 09.2018/cuda/AES/AES/kernel.cu(701): warning : conversion from a string literal to "char *" is deprecated
D:/diplomski 09.2018/cuda/AES/AES/kernel.cu(549): warning : transfer of control bypasses initialization of:
D:/diplomski 09.2018/cuda/AES/AES/kernel.cu(560): warning : transfer of control bypasses initialization of:
D:/diplomski 09.2018/cuda/AES/AES/kernel.cu(572): warning : transfer of control bypasses initialization of:
D:/diplomski 09.2018/cuda/AES/AES/kernel.cu(584): warning : transfer of control bypasses initialization of:
D:/diplomski 09.2018/cuda/AES/AES/kernel.cu(595): warning : transfer of control bypasses initialization of:
D:/diplomski 09.2018/cuda/AES/AES/kernel.cu(601): warning : transfer of control bypasses initialization of:
D:/diplomski 09.2018/cuda/AES/AES/kernel.cu(607): warning : transfer of control bypasses initialization of:
D:/diplomski 09.2018/cuda/AES/AES/kernel.cu(613): warning : transfer of control bypasses initialization of:
D:/diplomski 09.2018/cuda/AES/AES/kernel.cu(662): warning : transfer of control bypasses initialization of:
D:/diplomski 09.2018/cuda/AES/AES/kernel.cu(668): warning : transfer of control bypasses initialization of:
  kernel.cu
D:/diplomski 09.2018/cuda/AES/AES/kernel.cu(205): warning C4477: 'fprintf' : format string '%d' requires an argument of type 'int', but variadic argument 1 has type '::size_t'
  D:/diplomski 09.2018/cuda/AES/AES/kernel.cu(205): note: consider using '%zd' in the format string
D:/diplomski 09.2018/cuda/AES/AES/kernel.cu(675): warning C4267: '=': conversion from 'size_t' to 'int', possible loss of data
D:/diplomski 09.2018/cuda/AES/AES/kernel.cu(482): warning C4477: 'fprintf' : format string '%d' requires an argument of type 'int', but variadic argument 1 has type '::size_t'
  D:/diplomski 09.2018/cuda/AES/AES/kernel.cu(482): note: consider using '%zd' in the format string
D:/diplomski 09.2018/cuda/AES/AES/kernel.cu(484): warning C4477: 'fprintf' : format string '%d' requires an argument of type 'int', but variadic argument 1 has type '::size_t'
  D:/diplomski 09.2018/cuda/AES/AES/kernel.cu(484): note: consider using '%zd' in the format string
D:/diplomski 09.2018/cuda/AES/AES/kernel.cu(485): warning C4477: 'fprintf' : format string '%d' requires an argument of type 'int', but variadic argument 1 has type '::size_t'
  D:/diplomski 09.2018/cuda/AES/AES/kernel.cu(485): note: consider using '%zd' in the format string
D:/diplomski 09.2018/cuda/AES/AES/kernel.cu(702): warning C4533: initialization of 'numBlocks2' is skipped by 'goto Error'
  D:/diplomski 09.2018/cuda/AES/AES/kernel.cu(624): note: see declaration of 'numBlocks2'
  D:/diplomski 09.2018/cuda/AES/AES/kernel.cu(702): note: see declaration of 'Error'
D:/diplomski 09.2018/cuda/AES/AES/kernel.cu(702): warning C4533: initialization of 'numBlocks' is skipped by 'goto Error'
  D:/diplomski 09.2018/cuda/AES/AES/kernel.cu(623): note: see declaration of 'numBlocks'
  D:/diplomski 09.2018/cuda/AES/AES/kernel.cu(702): note: see declaration of 'Error'
D:/diplomski 09.2018/cuda/AES/AES/kernel.cu(702): warning C4533: initialization of 'threadsPerBlock' is skipped by 'goto Error'
  D:/diplomski 09.2018/cuda/AES/AES/kernel.cu(622): note: see declaration of 'threadsPerBlock'
  D:/diplomski 09.2018/cuda/AES/AES/kernel.cu(702): note: see declaration of 'Error'
  AES.vcxproj -> D:\diplomski 09.2018\cuda\AES\x64\Debug\AES.exe
  copy "C:\Program Files\NVIDIA GPU Computing Toolkit\CUDA\v9.0\bin\cudart*.dll" "D:\diplomski 09.2018\cuda\AES\x64\Debug\"
  C:\Program Files\NVIDIA GPU Computing Toolkit\CUDA\v9.0\bin\cudart32_90.dll
  C:\Program Files\NVIDIA GPU Computing Toolkit\CUDA\v9.0\bin\cudart64_90.dll
          2 file(s) copied.
